android/app/build/intermediates/manifest_merge_blame_file/debug/manifest-merger-blame-debug-report.txt
1<?xml version="1.0" encoding="utf-8"?>
2<manifest xmlns:android="http://schemas.android.com/apk/res/android"
3    package="com.wave"
4    android:versionCode="1"
5    android:versionName="1.0" >
6
7    <uses-sdk
8        android:minSdkVersion="21"
9        android:targetSdkVersion="34" />
10
11    <uses-permission android:name="android.permission.INTERNET" />
11-->src\main\AndroidManifest.xml:3:5-67
11-->src\main\AndroidManifest.xml:3:22-64
12    <uses-permission android:name="android.permission.CAMERA" />
12-->src\main\AndroidManifest.xml:4:5-65
12-->src\main\AndroidManifest.xml:4:22-62
13
14    <uses-feature android:name="android.hardware.camera" />
14-->src\main\AndroidManifest.xml:5:5-60
14-->src\main\AndroidManifest.xml:5:19-57
15    <uses-feature android:name="android.hardware.camera.autofocus" />
15-->src\main\AndroidManifest.xml:6:5-70
15-->src\main\AndroidManifest.xml:6:19-67
16
17    <uses-permission android:name="android.permission.VIBRATE" />
17-->src\main\AndroidManifest.xml:7:5-65
17-->src\main\AndroidManifest.xml:7:22-63
18    <uses-permission android:name="android.permission.WRITE_EXTERNAL_STORAGE" />
18-->src\main\AndroidManifest.xml:8:5-10:3
18-->src\main\AndroidManifest.xml:9:3-59
19    <uses-permission android:name="android.permission.ACCESS_NETWORK_STATE" />
19-->[:react-native-community_netinfo] AndroidManifest.xml:7:5-79
19-->[:react-native-community_netinfo] AndroidManifest.xml:7:22-76
20    <uses-permission android:name="android.permission.ACCESS_WIFI_STATE" />
20-->[:react-native-community_netinfo] AndroidManifest.xml:8:5-76
20-->[:react-native-community_netinfo] AndroidManifest.xml:8:22-73
21    <uses-permission android:name="android.permission.READ_EXTERNAL_STORAGE" />
22    <uses-permission android:name="android.permission.USE_FINGERPRINT" />
22-->[:react-native-touch-id] AndroidManifest.xml:7:5-74
22-->[:react-native-touch-id] AndroidManifest.xml:7:22-71
23    <!--
24    This manifest file is used only by Gradle to configure debug-only capabilities
25    for React Native Apps.
26    -->
27    <uses-permission android:name="android.permission.SYSTEM_ALERT_WINDOW" />
27-->[com.facebook.react:react-android:0.73.1] AndroidManifest.xml:16:5-78
27-->[com.facebook.react:react-android:0.73.1] AndroidManifest.xml:16:22-75
28
29    <queries>
29-->[net.openid:appauth:0.11.1] AndroidManifest.xml:24:5-32:15
30        <intent>
30-->[net.openid:appauth:0.11.1] AndroidManifest.xml:25:9-31:18
31            <action android:name="android.intent.action.VIEW" />
31-->[net.openid:appauth:0.11.1] AndroidManifest.xml:26:13-65
31-->[net.openid:appauth:0.11.1] AndroidManifest.xml:26:21-62
32
33            <category android:name="android.intent.category.BROWSABLE" />
33-->[net.openid:appauth:0.11.1] AndroidManifest.xml:28:13-74
33-->[net.openid:appauth:0.11.1] AndroidManifest.xml:28:23-71
34
35            <data android:scheme="https" />
35-->[net.openid:appauth:0.11.1] AndroidManifest.xml:30:13-44
35-->[net.openid:appauth:0.11.1] AndroidManifest.xml:30:19-41
36        </intent>
37    </queries>
38
39    <permission
39-->[androidx.core:core:1.9.0] AndroidManifest.xml:22:5-24:47
40        android:name="com.wave.DYNAMIC_RECEIVER_NOT_EXPORTED_PERMISSION"
40-->[androidx.core:core:1.9.0] AndroidManifest.xml:23:9-81
41        android:protectionLevel="signature" />
41-->[androidx.core:core:1.9.0] AndroidManifest.xml:24:9-44
42
43    <uses-permission android:name="com.wave.DYNAMIC_RECEIVER_NOT_EXPORTED_PERMISSION" />
43-->[androidx.core:core:1.9.0] AndroidManifest.xml:26:5-97
43-->[androidx.core:core:1.9.0] AndroidManifest.xml:26:22-94
44
45    <application
45-->src\main\AndroidManifest.xml:12:5-31:19
46        android:name="com.wave.MainApplication"
46-->src\main\AndroidManifest.xml:13:7-38
47        android:allowBackup="false"
47-->src\main\AndroidManifest.xml:17:7-34
48        android:appComponentFactory="androidx.core.app.CoreComponentFactory"
48-->[androidx.core:core:1.9.0] AndroidManifest.xml:28:18-86
49        android:debuggable="true"
50        android:extractNativeLibs="true"
51        android:icon="@mipmap/ic_launcher"
51-->src\main\AndroidManifest.xml:15:7-41
52        android:label="@string/app_name"
52-->src\main\AndroidManifest.xml:14:7-39
53        android:roundIcon="@mipmap/ic_launcher_round"
53-->src\main\AndroidManifest.xml:16:7-52
54        android:theme="@style/AppTheme"
54-->src\main\AndroidManifest.xml:18:7-38
55        android:usesCleartextTraffic="true" >
55-->src\debug\AndroidManifest.xml:6:9-44
56        <activity
56-->src\main\AndroidManifest.xml:19:7-30:18
57            android:name="com.wave.MainActivity"
57-->src\main\AndroidManifest.xml:20:9-37
58            android:configChanges="keyboard|keyboardHidden|orientation|screenLayout|screenSize|smallestScreenSize|uiMode"
58-->src\main\AndroidManifest.xml:22:9-118
59            android:exported="true"
59-->src\main\AndroidManifest.xml:25:9-32
60            android:label="@string/app_name"
60-->src\main\AndroidManifest.xml:21:9-41
61            android:launchMode="singleTask"
61-->src\main\AndroidManifest.xml:23:9-40
62            android:windowSoftInputMode="adjustResize" >
62-->src\main\AndroidManifest.xml:24:9-51
63            <intent-filter>
63-->src\main\AndroidManifest.xml:26:9-29:25
64                <action android:name="android.intent.action.MAIN" />
64-->src\main\AndroidManifest.xml:27:13-65
64-->src\main\AndroidManifest.xml:27:21-62
65
66                <category android:name="android.intent.category.LAUNCHER" />
66-->src\main\AndroidManifest.xml:28:13-73
66-->src\main\AndroidManifest.xml:28:23-70
67            </intent-filter>
68        </activity>
69
70        <provider
70-->[:react-native-image-picker] AndroidManifest.xml:8:9-16:20
71            android:name="com.imagepicker.ImagePickerProvider"
71-->[:react-native-image-picker] AndroidManifest.xml:9:13-63
72            android:authorities="com.wave.imagepickerprovider"
72-->[:react-native-image-picker] AndroidManifest.xml:10:13-71
73            android:exported="false"
73-->[:react-native-image-picker] AndroidManifest.xml:11:13-37
74            android:grantUriPermissions="true" >
74-->[:react-native-image-picker] AndroidManifest.xml:12:13-47
75            <meta-data
75-->[:react-native-image-picker] AndroidManifest.xml:13:13-15:70
76                android:name="android.support.FILE_PROVIDER_PATHS"
76-->[:react-native-image-picker] AndroidManifest.xml:14:17-67
77                android:resource="@xml/imagepicker_provider_paths" />
77-->[:react-native-image-picker] AndroidManifest.xml:15:17-67
78        </provider>
79        <provider
79-->[:react-native-share] AndroidManifest.xml:8:9-16:20
80            android:name="cl.json.RNShareFileProvider"
80-->[:react-native-share] AndroidManifest.xml:9:13-55
81            android:authorities="com.wave.rnshare.fileprovider"
81-->[:react-native-share] AndroidManifest.xml:10:13-72
82            android:exported="false"
82-->[:react-native-share] AndroidManifest.xml:11:13-37
83            android:grantUriPermissions="true" >
83-->[:react-native-share] AndroidManifest.xml:12:13-47
84            <meta-data
84-->[:react-native-image-picker] AndroidManifest.xml:13:13-15:70
85                android:name="android.support.FILE_PROVIDER_PATHS"
85-->[:react-native-image-picker] AndroidManifest.xml:14:17-67
86                android:resource="@xml/share_download_paths" />
86-->[:react-native-image-picker] AndroidManifest.xml:15:17-67
87        </provider>
88        <provider
88-->[:react-native-webview] AndroidManifest.xml:8:9-16:20
89            android:name="com.reactnativecommunity.webview.RNCWebViewFileProvider"
89-->[:react-native-webview] AndroidManifest.xml:9:13-83
90            android:authorities="com.wave.fileprovider"
90-->[:react-native-webview] AndroidManifest.xml:10:13-64
91            android:exported="false"
91-->[:react-native-webview] AndroidManifest.xml:11:13-37
92            android:grantUriPermissions="true" >
92-->[:react-native-webview] AndroidManifest.xml:12:13-47
93            <meta-data
93-->[:react-native-image-picker] AndroidManifest.xml:13:13-15:70
94                android:name="android.support.FILE_PROVIDER_PATHS"
94-->[:react-native-image-picker] AndroidManifest.xml:14:17-67
95                android:resource="@xml/file_provider_paths" />
95-->[:react-native-image-picker] AndroidManifest.xml:15:17-67
96        </provider>
97
98        <activity
98-->[com.facebook.react:react-android:0.73.1] AndroidManifest.xml:19:9-21:40
99            android:name="com.facebook.react.devsupport.DevSettingsActivity"
99-->[com.facebook.react:react-android:0.73.1] AndroidManifest.xml:20:13-77
100            android:exported="false" />
100-->[com.facebook.react:react-android:0.73.1] AndroidManifest.xml:21:13-37
101        <activity
101-->[net.openid:appauth:0.11.1] AndroidManifest.xml:35:9-40:77
102            android:name="net.openid.appauth.AuthorizationManagementActivity"
102-->[net.openid:appauth:0.11.1] AndroidManifest.xml:36:13-78
103            android:configChanges="screenSize|smallestScreenSize|screenLayout|orientation|keyboard|keyboardHidden"
103-->[net.openid:appauth:0.11.1] AndroidManifest.xml:37:13-115
104            android:exported="false"
104-->[net.openid:appauth:0.11.1] AndroidManifest.xml:38:13-37
105            android:launchMode="singleTask"
105-->[net.openid:appauth:0.11.1] AndroidManifest.xml:39:13-44
106            android:theme="@style/Theme.AppCompat.Translucent.NoTitleBar" />
106-->[net.openid:appauth:0.11.1] AndroidManifest.xml:40:13-74
107        <activity
107-->[net.openid:appauth:0.11.1] AndroidManifest.xml:41:9-52:20
108            android:name="net.openid.appauth.RedirectUriReceiverActivity"
108-->[net.openid:appauth:0.11.1] AndroidManifest.xml:42:13-74
109            android:exported="true" >
109-->[net.openid:appauth:0.11.1] AndroidManifest.xml:43:13-36
110            <intent-filter>
110-->[net.openid:appauth:0.11.1] AndroidManifest.xml:44:13-51:29
111                <action android:name="android.intent.action.VIEW" />
111-->[net.openid:appauth:0.11.1] AndroidManifest.xml:26:13-65
111-->[net.openid:appauth:0.11.1] AndroidManifest.xml:26:21-62
112
113                <category android:name="android.intent.category.DEFAULT" />
113-->[net.openid:appauth:0.11.1] AndroidManifest.xml:47:17-76
113-->[net.openid:appauth:0.11.1] AndroidManifest.xml:47:27-73
114                <category android:name="android.intent.category.BROWSABLE" />
114-->[net.openid:appauth:0.11.1] AndroidManifest.xml:28:13-74
114-->[net.openid:appauth:0.11.1] AndroidManifest.xml:28:23-71
115
116                <data android:scheme="com.wave" />
116-->[net.openid:appauth:0.11.1] AndroidManifest.xml:30:13-44
116-->[net.openid:appauth:0.11.1] AndroidManifest.xml:30:19-41
117            </intent-filter>
118        </activity>
119
120        <service
120-->[com.google.android.gms:play-services-mlkit-barcode-scanning:16.2.0] AndroidManifest.xml:9:9-15:19
121            android:name="com.google.mlkit.common.internal.MlKitComponentDiscoveryService"
121-->[com.google.android.gms:play-services-mlkit-barcode-scanning:16.2.0] AndroidManifest.xml:10:13-91
122            android:directBootAware="true"
122-->[com.google.mlkit:common:17.2.0] AndroidManifest.xml:17:13-43
123            android:exported="false" >
123-->[com.google.android.gms:play-services-mlkit-barcode-scanning:16.2.0] AndroidManifest.xml:11:13-37
124            <meta-data
124-->[com.google.android.gms:play-services-mlkit-barcode-scanning:16.2.0] AndroidManifest.xml:12:13-14:85
125                android:name="com.google.firebase.components:com.google.mlkit.vision.barcode.internal.BarcodeRegistrar"
125-->[com.google.android.gms:play-services-mlkit-barcode-scanning:16.2.0] AndroidManifest.xml:13:17-120
126                android:value="com.google.firebase.components.ComponentRegistrar" />
126-->[com.google.android.gms:play-services-mlkit-barcode-scanning:16.2.0] AndroidManifest.xml:14:17-82
127            <meta-data
127-->[com.google.android.gms:play-services-mlkit-face-detection:16.2.0] AndroidManifest.xml:12:13-14:85
128                android:name="com.google.firebase.components:com.google.mlkit.vision.face.internal.FaceRegistrar"
128-->[com.google.android.gms:play-services-mlkit-face-detection:16.2.0] AndroidManifest.xml:13:17-114
129                android:value="com.google.firebase.components.ComponentRegistrar" />
129-->[com.google.android.gms:play-services-mlkit-face-detection:16.2.0] AndroidManifest.xml:14:17-82
130            <meta-data
130-->[com.google.android.gms:play-services-mlkit-text-recognition:16.3.0] AndroidManifest.xml:12:13-14:85
131                android:name="com.google.firebase.components:com.google.mlkit.vision.text.internal.TextRegistrar"
131-->[com.google.android.gms:play-services-mlkit-text-recognition:16.3.0] AndroidManifest.xml:13:17-114
132                android:value="com.google.firebase.components.ComponentRegistrar" />
132-->[com.google.android.gms:play-services-mlkit-text-recognition:16.3.0] AndroidManifest.xml:14:17-82
133            <meta-data
133-->[com.google.mlkit:vision-common:16.5.0] AndroidManifest.xml:12:13-14:85
134                android:name="com.google.firebase.components:com.google.mlkit.vision.common.internal.VisionCommonRegistrar"
134-->[com.google.mlkit:vision-common:16.5.0] AndroidManifest.xml:13:17-124
135                android:value="com.google.firebase.components.ComponentRegistrar" />
135-->[com.google.mlkit:vision-common:16.5.0] AndroidManifest.xml:14:17-82
136            <meta-data
136-->[com.google.mlkit:common:17.2.0] AndroidManifest.xml:20:13-22:85
137                android:name="com.google.firebase.components:com.google.mlkit.common.internal.CommonComponentRegistrar"
137-->[com.google.mlkit:common:17.2.0] AndroidManifest.xml:21:17-120
138                android:value="com.google.firebase.components.ComponentRegistrar" />
138-->[com.google.mlkit:common:17.2.0] AndroidManifest.xml:22:17-82
139        </service>
140
141        <activity
141-->[com.google.android.gms:play-services-auth:16.0.1] AndroidManifest.xml:23:9-27:75
142            android:name="com.google.android.gms.auth.api.signin.internal.SignInHubActivity"
142-->[com.google.android.gms:play-services-auth:16.0.1] AndroidManifest.xml:24:13-93
143            android:excludeFromRecents="true"
143-->[com.google.android.gms:play-services-auth:16.0.1] AndroidManifest.xml:25:13-46
144            android:exported="false"
144-->[com.google.android.gms:play-services-auth:16.0.1] AndroidManifest.xml:26:13-37
145            android:theme="@android:style/Theme.Translucent.NoTitleBar" />
145-->[com.google.android.gms:play-services-auth:16.0.1] AndroidManifest.xml:27:13-72
146        <!--
147            Service handling Google Sign-In user revocation. For apps that do not integrate with
148            Google Sign-In, this service will never be started.
149        -->
150        <service
150-->[com.google.android.gms:play-services-auth:16.0.1] AndroidManifest.xml:33:9-36:110
151            android:name="com.google.android.gms.auth.api.signin.RevocationBoundService"
151-->[com.google.android.gms:play-services-auth:16.0.1] AndroidManifest.xml:34:13-89
152            android:exported="true"
152-->[com.google.android.gms:play-services-auth:16.0.1] AndroidManifest.xml:35:13-36
153            android:permission="com.google.android.gms.auth.api.signin.permission.REVOCATION_NOTIFICATION" />
153-->[com.google.android.gms:play-services-auth:16.0.1] AndroidManifest.xml:36:13-107
154
155        <provider
155-->[com.google.mlkit:common:17.2.0] AndroidManifest.xml:9:9-13:38
156            android:name="com.google.mlkit.common.internal.MlKitInitProvider"
156-->[com.google.mlkit:common:17.2.0] AndroidManifest.xml:10:13-78
157            android:authorities="com.wave.mlkitinitprovider"
157-->[com.google.mlkit:common:17.2.0] AndroidManifest.xml:11:13-69
158            android:exported="false"
158-->[com.google.mlkit:common:17.2.0] AndroidManifest.xml:12:13-37
159            android:initOrder="99" />
159-->[com.google.mlkit:common:17.2.0] AndroidManifest.xml:13:13-35
160
161        <activity
161-->[com.google.android.gms:play-services-base:17.6.0] AndroidManifest.xml:23:9-26:75
162            android:name="com.google.android.gms.common.api.GoogleApiActivity"
162-->[com.google.android.gms:play-services-base:17.6.0] AndroidManifest.xml:24:13-79
163            android:exported="false"
163-->[com.google.android.gms:play-services-base:17.6.0] AndroidManifest.xml:25:13-37
164            android:theme="@android:style/Theme.Translucent.NoTitleBar" />
164-->[com.google.android.gms:play-services-base:17.6.0] AndroidManifest.xml:26:13-72
165
166        <meta-data
166-->[com.google.android.gms:play-services-basement:17.6.0] AndroidManifest.xml:23:9-25:69
167            android:name="com.google.android.gms.version"
167-->[com.google.android.gms:play-services-basement:17.6.0] AndroidManifest.xml:24:13-58
168            android:value="@integer/google_play_services_version" />
168-->[com.google.android.gms:play-services-basement:17.6.0] AndroidManifest.xml:25:13-66
169
170        <provider
170-->[androidx.emoji2:emoji2:1.2.0] AndroidManifest.xml:24:9-32:20
171            android:name="androidx.startup.InitializationProvider"
171-->[androidx.emoji2:emoji2:1.2.0] AndroidManifest.xml:25:13-67
172            android:authorities="com.wave.androidx-startup"
172-->[androidx.emoji2:emoji2:1.2.0] AndroidManifest.xml:26:13-68
173            android:exported="false" >
173-->[androidx.emoji2:emoji2:1.2.0] AndroidManifest.xml:27:13-37
174            <meta-data
174-->[androidx.emoji2:emoji2:1.2.0] AndroidManifest.xml:29:13-31:52
175                android:name="androidx.emoji2.text.EmojiCompatInitializer"
175-->[androidx.emoji2:emoji2:1.2.0] AndroidManifest.xml:30:17-75
176                android:value="androidx.startup" />
176-->[androidx.emoji2:emoji2:1.2.0] AndroidManifest.xml:31:17-49
177            <meta-data
177-->[androidx.lifecycle:lifecycle-process:2.4.1] AndroidManifest.xml:31:13-33:52
178                android:name="androidx.lifecycle.ProcessLifecycleInitializer"
178-->[androidx.lifecycle:lifecycle-process:2.4.1] AndroidManifest.xml:32:17-78
179                android:value="androidx.startup" />
179-->[androidx.lifecycle:lifecycle-process:2.4.1] AndroidManifest.xml:33:17-49
180        </provider>
181
182        <service
182-->[com.google.android.datatransport:transport-backend-cct:2.3.3] AndroidManifest.xml:29:9-35:19
183            android:name="com.google.android.datatransport.runtime.backends.TransportBackendDiscovery"
183-->[com.google.android.datatransport:transport-backend-cct:2.3.3] AndroidManifest.xml:30:13-103
184            android:exported="false" >
184-->[com.google.android.datatransport:transport-backend-cct:2.3.3] AndroidManifest.xml:31:13-37
185            <meta-data
185-->[com.google.android.datatransport:transport-backend-cct:2.3.3] AndroidManifest.xml:32:13-34:39
186                android:name="backend:com.google.android.datatransport.cct.CctBackendFactory"
186-->[com.google.android.datatransport:transport-backend-cct:2.3.3] AndroidManifest.xml:33:17-94
187                android:value="cct" />
187-->[com.google.android.datatransport:transport-backend-cct:2.3.3] AndroidManifest.xml:34:17-36
188        </service>
189        <service
189-->[com.google.android.datatransport:transport-runtime:2.2.6] AndroidManifest.xml:26:9-30:19
190            android:name="com.google.android.datatransport.runtime.scheduling.jobscheduling.JobInfoSchedulerService"
190-->[com.google.android.datatransport:transport-runtime:2.2.6] AndroidManifest.xml:27:13-117
191            android:exported="false"
191-->[com.google.android.datatransport:transport-runtime:2.2.6] AndroidManifest.xml:28:13-37
192            android:permission="android.permission.BIND_JOB_SERVICE" >
192-->[com.google.android.datatransport:transport-runtime:2.2.6] AndroidManifest.xml:29:13-69
193        </service>
194
195        <receiver
195-->[com.google.android.datatransport:transport-runtime:2.2.6] AndroidManifest.xml:32:9-34:40
196            android:name="com.google.android.datatransport.runtime.scheduling.jobscheduling.AlarmManagerSchedulerBroadcastReceiver"
196-->[com.google.android.datatransport:transport-runtime:2.2.6] AndroidManifest.xml:33:13-132
197            android:exported="false" />
197-->[com.google.android.datatransport:transport-runtime:2.2.6] AndroidManifest.xml:34:13-37
198
199        <meta-data
199-->[com.facebook.soloader:soloader:0.10.5] AndroidManifest.xml:12:9-14:37
200            android:name="com.facebook.soloader.enabled"
200-->[com.facebook.soloader:soloader:0.10.5] AndroidManifest.xml:13:13-57
201            android:value="false" />
201-->[com.facebook.soloader:soloader:0.10.5] AndroidManifest.xml:14:13-34
202    </application>
203
204</manifest>